<?xml version="1.0" encoding="UTF-8"?>
<beans xmlns="http://www.springframework.org/schema/beans"
    xmlns:xsi="http://www.w3.org/2001/XMLSchema-instance"
    xmlns:context="http://www.springframework.org/schema/context"
    xmlns:p="http://www.springframework.org/schema/p"
    xmlns:jdbc="http://www.springframework.org/schema/jdbc"    
    xsi:schemaLocation="http://www.springframework.org/schema/beans http://www.springframework.org/schema/beans/spring-beans.xsd
    http://www.springframework.org/schema/context http://www.springframework.org/schema/context/spring-context.xsd
    http://www.springframework.org/schema/jdbc http://www.springframework.org/schema/jdbc/spring-jdbc.xsd">
    
    <!-- =============================================================== -->
    <!--  Database datasource configuration                              -->
    <!--  (working copy)                                                 -->
    <!-- =============================================================== -->
    
    <context:property-placeholder location="classpath:/spring-workshop-02/config/database.test.properties" />

	<import resource="test-database-context.xml" />
	
    <!-- ================= daos ========================================== -->
    

    <bean id="genreDao" class="net.springinaction.exercise1.dao.GenreDaoImpl">
         <property name="dataSource" ref="dataSource" />
    </bean>

    <bean id="showDao" class="net.springinaction.exercise1.dao.ShowDaoImpl">
         <property name="dataSource" ref="dataSource" />
    </bean>

	<bean id="weatherDao" class="net.springinaction.exercise2.WeatherDaoImpl">
         <property name="dataSource" ref="dataSource" />
    </bean>
<!--     
    <bean id="weatherDao" class="net.springinaction.exercise2.MyWeatherDaoDbImpl">
         <property name="dataSource" ref="dataSource" />
    </bean> -->
    <!-- =============================================================== -->
    <!-- Jpa configuration -->
    <!-- =============================================================== -->
    
    
</beans>